# JRE version: OpenJDK Runtime Environment (17.0.11) (build 17.0.11+0--11852314)
# Java VM: OpenJDK 64-Bit Server VM (17.0.11+0--11852314, mixed mode, tiered, compressed oops, compressed class ptrs, g1 gc, windows-amd64)
GC Precious Log:
 CPUs: 12 total, 12 available
 Memory: 16304M
 Large Page Support: Disabled
 NUMA Support: Disabled
 Compressed Oops: Enabled (32-bit)
 Heap Region Size: 1M
 Heap Min Capacity: 8M
 Heap Initial Capacity: 256M
 Heap Max Capacity: 2G
 Pre-touch: Disabled
 Parallel Workers: 10
 Concurrent Workers: 3
 Concurrent Refinement Workers: 10
 Periodic GC: Disabled
Heap:
 garbage-first heap   total 262144K, used 165099K [0x0000000080000000, 0x0000000100000000)
  region size 1024K, 4 young (4096K), 4 survivors (4096K)
 Metaspace       used 132833K, committed 133568K, reserved 1179648K
  class space    used 17164K, committed 17536K, reserved 1048576K
GC Heap History (20 events):
Event: 6.150 GC heap after
{Heap after GC invocations=44 (full 0):
 garbage-first heap   total 156672K, used 99247K [0x0000000080000000, 0x0000000100000000)
  region size 1024K, 6 young (6144K), 6 survivors (6144K)
 Metaspace       used 88968K, committed 89728K, reserved 1179648K
  class space    used 12303K, committed 12608K, reserved 1048576K
}
Event: 6.286 GC heap before
{Heap before GC invocations=44 (full 0):
 garbage-first heap   total 156672K, used 125871K [0x0000000080000000, 0x0000000100000000)
  region size 1024K, 32 young (32768K), 6 survivors (6144K)
 Metaspace       used 90624K, committed 91328K, reserved 1179648K
  class space    used 12517K, committed 12864K, reserved 1048576K
}
Event: 6.291 GC heap after
{Heap after GC invocations=45 (full 0):
 garbage-first heap   total 245760K, used 95509K [0x0000000080000000, 0x0000000100000000)
  region size 1024K, 4 young (4096K), 4 survivors (4096K)
 Metaspace       used 90624K, committed 91328K, reserved 1179648K
  class space    used 12517K, committed 12864K, reserved 1048576K
}
Event: 6.829 GC heap before
{Heap before GC invocations=45 (full 0):
 garbage-first heap   total 245760K, used 184597K [0x0000000080000000, 0x0000000100000000)
  region size 1024K, 84 young (86016K), 4 survivors (4096K)
 Metaspace       used 100031K, committed 100800K, reserved 1179648K
  class space    used 13474K, committed 13824K, reserved 1048576K
}
Event: 6.833 GC heap after
{Heap after GC invocations=46 (full 0):
 garbage-first heap   total 245760K, used 107797K [0x0000000080000000, 0x0000000100000000)
  region size 1024K, 9 young (9216K), 9 survivors (9216K)
 Metaspace       used 100031K, committed 100800K, reserved 1179648K
  class space    used 13474K, committed 13824K, reserved 1048576K
}
Event: 7.360 GC heap before
{Heap before GC invocations=46 (full 0):
 garbage-first heap   total 245760K, used 189717K [0x0000000080000000, 0x0000000100000000)
  region size 1024K, 88 young (90112K), 9 survivors (9216K)
 Metaspace       used 109798K, committed 110528K, reserved 1179648K
  class space    used 14697K, committed 15040K, reserved 1048576K
}
Event: 7.365 GC heap after
{Heap after GC invocations=47 (full 0):
 garbage-first heap   total 245760K, used 113337K [0x0000000080000000, 0x0000000100000000)
  region size 1024K, 10 young (10240K), 10 survivors (10240K)
 Metaspace       used 109798K, committed 110528K, reserved 1179648K
  class space    used 14697K, committed 15040K, reserved 1048576K
}
Event: 7.756 GC heap before
{Heap before GC invocations=47 (full 0):
 garbage-first heap   total 245760K, used 193209K [0x0000000080000000, 0x0000000100000000)
  region size 1024K, 88 young (90112K), 10 survivors (10240K)
 Metaspace       used 114593K, committed 115328K, reserved 1179648K
  class space    used 15203K, committed 15552K, reserved 1048576K
}
Event: 7.760 GC heap after
{Heap after GC invocations=48 (full 0):
 garbage-first heap   total 245760K, used 116024K [0x0000000080000000, 0x0000000100000000)
  region size 1024K, 8 young (8192K), 8 survivors (8192K)
 Metaspace       used 114593K, committed 115328K, reserved 1179648K
  class space    used 15203K, committed 15552K, reserved 1048576K
}
Event: 8.255 GC heap before
{Heap before GC invocations=48 (full 0):
 garbage-first heap   total 245760K, used 196920K [0x0000000080000000, 0x0000000100000000)
  region size 1024K, 88 young (90112K), 8 survivors (8192K)
 Metaspace       used 124575K, committed 125312K, reserved 1179648K
  class space    used 16282K, committed 16640K, reserved 1048576K
}
Event: 8.259 GC heap after
{Heap after GC invocations=49 (full 0):
 garbage-first heap   total 245760K, used 120394K [0x0000000080000000, 0x0000000100000000)
  region size 1024K, 9 young (9216K), 9 survivors (9216K)
 Metaspace       used 124575K, committed 125312K, reserved 1179648K
  class space    used 16282K, committed 16640K, reserved 1048576K
}
Event: 8.826 GC heap before
{Heap before GC invocations=49 (full 0):
 garbage-first heap   total 245760K, used 193098K [0x0000000080000000, 0x0000000100000000)
  region size 1024K, 82 young (83968K), 9 survivors (9216K)
 Metaspace       used 132421K, committed 133120K, reserved 1179648K
  class space    used 17142K, committed 17472K, reserved 1048576K
}
Event: 8.831 GC heap after
{Heap after GC invocations=50 (full 0):
 garbage-first heap   total 245760K, used 125382K [0x0000000080000000, 0x0000000100000000)
  region size 1024K, 9 young (9216K), 9 survivors (9216K)
 Metaspace       used 132421K, committed 133120K, reserved 1179648K
  class space    used 17142K, committed 17472K, reserved 1048576K
}
Event: 9.110 GC heap before
{Heap before GC invocations=51 (full 0):
 garbage-first heap   total 245760K, used 206278K [0x0000000080000000, 0x0000000100000000)
  region size 1024K, 84 young (86016K), 9 survivors (9216K)
 Metaspace       used 132580K, committed 133312K, reserved 1179648K
  class space    used 17164K, committed 17536K, reserved 1048576K
}
Event: 9.116 GC heap after
{Heap after GC invocations=52 (full 0):
 garbage-first heap   total 245760K, used 137115K [0x0000000080000000, 0x0000000100000000)
  region size 1024K, 11 young (11264K), 11 survivors (11264K)
 Metaspace       used 132580K, committed 133312K, reserved 1179648K
  class space    used 17164K, committed 17536K, reserved 1048576K
}
Event: 9.120 GC heap before
{Heap before GC invocations=52 (full 0):
 garbage-first heap   total 245760K, used 138139K [0x0000000080000000, 0x0000000100000000)
  region size 1024K, 12 young (12288K), 11 survivors (11264K)
 Metaspace       used 132580K, committed 133312K, reserved 1179648K
  class space    used 17164K, committed 17536K, reserved 1048576K
}
Event: 9.124 GC heap after
{Heap after GC invocations=53 (full 0):
 garbage-first heap   total 245760K, used 137580K [0x0000000080000000, 0x0000000100000000)
  region size 1024K, 2 young (2048K), 2 survivors (2048K)
 Metaspace       used 132580K, committed 133312K, reserved 1179648K
  class space    used 17164K, committed 17536K, reserved 1048576K
}
Event: 9.288 GC heap before
{Heap before GC invocations=53 (full 0):
 garbage-first heap   total 245760K, used 213356K [0x0000000080000000, 0x0000000100000000)
  region size 1024K, 61 young (62464K), 2 survivors (2048K)
 Metaspace       used 132687K, committed 133440K, reserved 1179648K
  class space    used 17164K, committed 17536K, reserved 1048576K
}
Event: 9.293 GC heap after
{Heap after GC invocations=54 (full 0):
 garbage-first heap   total 245760K, used 161012K [0x0000000080000000, 0x0000000100000000)
  region size 1024K, 8 young (8192K), 8 survivors (8192K)
 Metaspace       used 132687K, committed 133440K, reserved 1179648K
  class space    used 17164K, committed 17536K, reserved 1048576K
}
Event: 9.361 GC heap before
{Heap before GC invocations=54 (full 0):
 garbage-first heap   total 245760K, used 200948K [0x0000000080000000, 0x0000000100000000)
  region size 1024K, 46 young (47104K), 8 survivors (8192K)
 Metaspace       used 132833K, committed 133568K, reserved 1179648K
  class space    used 17164K, committed 17536K, reserved 1048576K
}

