# JRE version: OpenJDK Runtime Environment (17.0.11) (build 17.0.11+0--11852314)
# Java VM: OpenJDK 64-Bit Server VM (17.0.11+0--11852314, mixed mode, tiered, compressed oops, compressed class ptrs, g1 gc, windows-amd64)
GC Precious Log:
 CPUs: 12 total, 12 available
 Memory: 16304M
 Large Page Support: Disabled
 NUMA Support: Disabled
 Compressed Oops: Enabled (32-bit)
 Heap Region Size: 1M
 Heap Min Capacity: 8M
 Heap Initial Capacity: 256M
 Heap Max Capacity: 2G
 Pre-touch: Disabled
 Parallel Workers: 10
 Concurrent Workers: 3
 Concurrent Refinement Workers: 10
 Periodic GC: Disabled
Heap:
 garbage-first heap   total 262144K, used 140627K [0x0000000080000000, 0x0000000100000000)
  region size 1024K, 1 young (1024K), 1 survivors (1024K)
 Metaspace       used 92124K, committed 92736K, reserved 1179648K
  class space    used 12588K, committed 12864K, reserved 1048576K
GC Heap History (20 events):
Event: 3.734 GC heap after
{Heap after GC invocations=31 (full 0):
 garbage-first heap   total 189440K, used 79137K [0x0000000080000000, 0x0000000100000000)
  region size 1024K, 1 young (1024K), 1 survivors (1024K)
 Metaspace       used 62102K, committed 62720K, reserved 1114112K
  class space    used 8528K, committed 8832K, reserved 1048576K
}
Event: 3.904 GC heap before
{Heap before GC invocations=31 (full 0):
 garbage-first heap   total 189440K, used 133409K [0x0000000080000000, 0x0000000100000000)
  region size 1024K, 55 young (56320K), 1 survivors (1024K)
 Metaspace       used 63653K, committed 64256K, reserved 1114112K
  class space    used 8724K, committed 9024K, reserved 1048576K
}
Event: 3.906 GC heap after
{Heap after GC invocations=32 (full 0):
 garbage-first heap   total 189440K, used 82555K [0x0000000080000000, 0x0000000100000000)
  region size 1024K, 5 young (5120K), 5 survivors (5120K)
 Metaspace       used 63653K, committed 64256K, reserved 1114112K
  class space    used 8724K, committed 9024K, reserved 1048576K
}
Event: 4.197 GC heap before
{Heap before GC invocations=32 (full 0):
 garbage-first heap   total 189440K, used 138875K [0x0000000080000000, 0x0000000100000000)
  region size 1024K, 60 young (61440K), 5 survivors (5120K)
 Metaspace       used 71561K, committed 72128K, reserved 1114112K
  class space    used 10239K, committed 10496K, reserved 1048576K
}
Event: 4.199 GC heap after
{Heap after GC invocations=33 (full 0):
 garbage-first heap   total 189440K, used 84274K [0x0000000080000000, 0x0000000100000000)
  region size 1024K, 2 young (2048K), 2 survivors (2048K)
 Metaspace       used 71561K, committed 72128K, reserved 1114112K
  class space    used 10239K, committed 10496K, reserved 1048576K
}
Event: 4.533 GC heap before
{Heap before GC invocations=33 (full 0):
 garbage-first heap   total 189440K, used 151858K [0x0000000080000000, 0x0000000100000000)
  region size 1024K, 61 young (62464K), 2 survivors (2048K)
 Metaspace       used 80256K, committed 80896K, reserved 1179648K
  class space    used 11323K, committed 11584K, reserved 1048576K
}
Event: 4.535 GC heap after
{Heap after GC invocations=34 (full 0):
 garbage-first heap   total 189440K, used 93397K [0x0000000080000000, 0x0000000100000000)
  region size 1024K, 4 young (4096K), 4 survivors (4096K)
 Metaspace       used 80256K, committed 80896K, reserved 1179648K
  class space    used 11323K, committed 11584K, reserved 1048576K
}
Event: 4.674 GC heap before
{Heap before GC invocations=34 (full 0):
 garbage-first heap   total 189440K, used 154837K [0x0000000080000000, 0x0000000100000000)
  region size 1024K, 59 young (60416K), 4 survivors (4096K)
 Metaspace       used 80388K, committed 81088K, reserved 1179648K
  class space    used 11330K, committed 11648K, reserved 1048576K
}
Event: 4.681 GC heap after
{Heap after GC invocations=35 (full 0):
 garbage-first heap   total 189440K, used 105592K [0x0000000080000000, 0x0000000100000000)
  region size 1024K, 8 young (8192K), 8 survivors (8192K)
 Metaspace       used 80388K, committed 81088K, reserved 1179648K
  class space    used 11330K, committed 11648K, reserved 1048576K
}
Event: 4.799 GC heap before
{Heap before GC invocations=35 (full 0):
 garbage-first heap   total 189440K, used 151672K [0x0000000080000000, 0x0000000100000000)
  region size 1024K, 48 young (49152K), 8 survivors (8192K)
 Metaspace       used 80613K, committed 81216K, reserved 1179648K
  class space    used 11354K, committed 11648K, reserved 1048576K
}
Event: 4.805 GC heap after
{Heap after GC invocations=36 (full 0):
 garbage-first heap   total 189440K, used 113179K [0x0000000080000000, 0x0000000100000000)
  region size 1024K, 6 young (6144K), 6 survivors (6144K)
 Metaspace       used 80613K, committed 81216K, reserved 1179648K
  class space    used 11354K, committed 11648K, reserved 1048576K
}
Event: 4.983 GC heap before
{Heap before GC invocations=36 (full 0):
 garbage-first heap   total 189440K, used 147995K [0x0000000080000000, 0x0000000100000000)
  region size 1024K, 40 young (40960K), 6 survivors (6144K)
 Metaspace       used 84548K, committed 85184K, reserved 1179648K
  class space    used 11827K, committed 12096K, reserved 1048576K
}
Event: 4.985 GC heap after
{Heap after GC invocations=37 (full 0):
 garbage-first heap   total 189440K, used 116259K [0x0000000080000000, 0x0000000100000000)
  region size 1024K, 2 young (2048K), 2 survivors (2048K)
 Metaspace       used 84548K, committed 85184K, reserved 1179648K
  class space    used 11827K, committed 12096K, reserved 1048576K
}
Event: 5.144 GC heap before
{Heap before GC invocations=37 (full 0):
 garbage-first heap   total 189440K, used 168483K [0x0000000080000000, 0x0000000100000000)
  region size 1024K, 36 young (36864K), 2 survivors (2048K)
 Metaspace       used 86510K, committed 87168K, reserved 1179648K
  class space    used 12035K, committed 12352K, reserved 1048576K
}
Event: 5.146 GC heap after
{Heap after GC invocations=38 (full 0):
 garbage-first heap   total 189440K, used 137781K [0x0000000080000000, 0x0000000100000000)
  region size 1024K, 5 young (5120K), 5 survivors (5120K)
 Metaspace       used 86510K, committed 87168K, reserved 1179648K
  class space    used 12035K, committed 12352K, reserved 1048576K
}
Event: 5.240 GC heap before
{Heap before GC invocations=38 (full 0):
 garbage-first heap   total 189440K, used 157237K [0x0000000080000000, 0x0000000100000000)
  region size 1024K, 25 young (25600K), 5 survivors (5120K)
 Metaspace       used 88834K, committed 89472K, reserved 1179648K
  class space    used 12243K, committed 12544K, reserved 1048576K
}
Event: 5.242 GC heap after
{Heap after GC invocations=39 (full 0):
 garbage-first heap   total 189440K, used 139678K [0x0000000080000000, 0x0000000100000000)
  region size 1024K, 2 young (2048K), 2 survivors (2048K)
 Metaspace       used 88834K, committed 89472K, reserved 1179648K
  class space    used 12243K, committed 12544K, reserved 1048576K
}
Event: 5.360 GC heap before
{Heap before GC invocations=40 (full 0):
 garbage-first heap   total 244736K, used 160158K [0x0000000080000000, 0x0000000100000000)
  region size 1024K, 22 young (22528K), 2 survivors (2048K)
 Metaspace       used 91072K, committed 91712K, reserved 1179648K
  class space    used 12472K, committed 12736K, reserved 1048576K
}
Event: 5.362 GC heap after
{Heap after GC invocations=41 (full 0):
 garbage-first heap   total 244736K, used 141486K [0x0000000080000000, 0x0000000100000000)
  region size 1024K, 3 young (3072K), 3 survivors (3072K)
 Metaspace       used 91072K, committed 91712K, reserved 1179648K
  class space    used 12472K, committed 12736K, reserved 1048576K
}
Event: 5.406 GC heap before
{Heap before GC invocations=41 (full 0):
 garbage-first heap   total 244736K, used 149678K [0x0000000080000000, 0x0000000100000000)
  region size 1024K, 11 young (11264K), 3 survivors (3072K)
 Metaspace       used 92124K, committed 92736K, reserved 1179648K
  class space    used 12588K, committed 12864K, reserved 1048576K
}

